<?xml version="1.0" encoding="UTF-8"?>
<!-- Generated by org.testng.reporters.JUnitXMLReporter -->
<testsuite ignored="0" hostname="Angels-MacBook-Pro.local" failures="0" tests="3" name="Default test" time="40.503" errors="0" timestamp="01 May 2018 00:10:03 GMT">
  <testcase classname="newPackage.UsingDataProviders" name="OHRM" time="13.408"/>
  <testcase classname="newPackage.UsingDataProviders" name="OHRM" time="13.429"/>
  <testcase classname="newPackage.UsingDataProviders" name="OHRM" time="13.635"/>
</testsuite> <!-- Default test -->
