<?xml version="1.0" encoding="UTF-8"?>
<testng-results ignored="0" total="1" passed="1" failed="0" skipped="0">
  <reporter-output>
  </reporter-output>
  <suite started-at="2018-05-04T05:03:35Z" name="Default suite" finished-at="2018-05-04T05:03:42Z" duration-ms="7858">
    <groups>
    </groups>
    <test started-at="2018-05-04T05:03:35Z" name="Default test" finished-at="2018-05-04T05:03:42Z" duration-ms="7858">
      <class name="com.testcases.homepageTestCases">
        <test-method signature="testElements()[pri:0, instance:com.testcases.homepageTestCases@4c39bec8]" started-at="2018-05-04T05:03:35Z" name="testElements" finished-at="2018-05-04T05:03:42Z" duration-ms="7810" status="PASS">
          <reporter-output>
          </reporter-output>
        </test-method> <!-- testElements -->
      </class> <!-- com.testcases.homepageTestCases -->
    </test> <!-- Default test -->
  </suite> <!-- Default suite -->
</testng-results>
