<?xml version="1.0" encoding="UTF-8"?>
<!-- Generated by org.testng.reporters.JUnitXMLReporter -->
<testsuite ignored="0" hostname="Angels-MacBook-Pro.local" failures="1" tests="1" name="Test" time="0.087" errors="0" timestamp="12 May 2018 17:48:03 GMT">
  <testcase classname="com.project.MavenExample" name="mavenTest" time="0.055">
    <failure type="java.lang.NoSuchMethodError" message="org.openqa.selenium.os.CommandLine.find(Ljava/lang/String;)Ljava/lang/String;">
      <![CDATA[java.lang.NoSuchMethodError: org.openqa.selenium.os.CommandLine.find(Ljava/lang/String;)Ljava/lang/String;
at org.openqa.selenium.phantomjs.PhantomJSDriverService.findPhantomJS(PhantomJSDriverService.java:232)
at org.openqa.selenium.phantomjs.PhantomJSDriverService.createDefaultService(PhantomJSDriverService.java:181)
at org.openqa.selenium.phantomjs.PhantomJSDriver.<init>(PhantomJSDriver.java:105)
at org.openqa.selenium.phantomjs.PhantomJSDriver.<init>(PhantomJSDriver.java:95)
at com.project.MavenExample.mavenTest(MavenExample.java:17)
... Removed 25 stack frames]]>
    </failure>
  </testcase> <!-- mavenTest -->
</testsuite> <!-- Test -->
