<?xml version="1.0" encoding="UTF-8"?>
<testng-results ignored="0" total="3" passed="3" failed="0" skipped="0">
  <reporter-output>
  </reporter-output>
  <suite started-at="2018-04-24T23:31:28Z" name="Default suite" finished-at="2018-04-24T23:31:28Z" duration-ms="40">
    <groups>
    </groups>
    <test started-at="2018-04-24T23:31:28Z" name="Default test" finished-at="2018-04-24T23:31:28Z" duration-ms="40">
      <class name="TestNGPrac">
        <test-method signature="mult()[pri:0, instance:TestNGPrac@77f1baf5]" started-at="2018-04-24T23:31:28Z" name="mult" finished-at="2018-04-24T23:31:28Z" duration-ms="8" status="PASS">
          <reporter-output>
          </reporter-output>
        </test-method> <!-- mult -->
        <test-method signature="sub()[pri:0, instance:TestNGPrac@77f1baf5]" started-at="2018-04-24T23:31:28Z" name="sub" finished-at="2018-04-24T23:31:28Z" duration-ms="1" status="PASS">
          <reporter-output>
          </reporter-output>
        </test-method> <!-- sub -->
        <test-method signature="sum()[pri:0, instance:TestNGPrac@77f1baf5]" started-at="2018-04-24T23:31:28Z" name="sum" finished-at="2018-04-24T23:31:28Z" duration-ms="7" status="PASS">
          <reporter-output>
          </reporter-output>
        </test-method> <!-- sum -->
      </class> <!-- TestNGPrac -->
    </test> <!-- Default test -->
  </suite> <!-- Default suite -->
</testng-results>
