<?xml version="1.0" encoding="UTF-8"?>
<testng-results ignored="0" total="1" passed="1" failed="0" skipped="0">
  <reporter-output>
  </reporter-output>
  <suite started-at="2018-05-05T15:43:50Z" name="Default suite" finished-at="2018-05-05T15:43:54Z" duration-ms="4556">
    <groups>
    </groups>
    <test started-at="2018-05-05T15:43:50Z" name="Default test" finished-at="2018-05-05T15:43:54Z" duration-ms="4556">
      <class name="pageObjectClass.configBase">
        <test-method is-config="true" signature="setup()[pri:0, instance:pageObjectClass.configBase@37271612]" started-at="2018-05-05T15:43:50Z" name="setup" finished-at="2018-05-05T15:43:54Z" duration-ms="4156" status="PASS">
          <reporter-output>
          </reporter-output>
        </test-method> <!-- setup -->
        <test-method signature="login()[pri:0, instance:pageObjectClass.configBase@37271612]" started-at="2018-05-05T15:43:54Z" name="login" finished-at="2018-05-05T15:43:54Z" duration-ms="377" status="PASS">
          <reporter-output>
          </reporter-output>
        </test-method> <!-- login -->
        <test-method is-config="true" signature="quitBrowser()[pri:0, instance:pageObjectClass.configBase@37271612]" started-at="2018-05-05T15:43:54Z" name="quitBrowser" finished-at="2018-05-05T15:43:54Z" duration-ms="1" status="PASS">
          <reporter-output>
          </reporter-output>
        </test-method> <!-- quitBrowser -->
      </class> <!-- pageObjectClass.configBase -->
    </test> <!-- Default test -->
  </suite> <!-- Default suite -->
</testng-results>
